NOTE: Picked up JDK_JAVA_OPTIONS:  --add-opens=java.base/java.lang=ALL-UNNAMED --add-opens=java.base/java.io=ALL-UNNAMED --add-opens=java.base/java.util=ALL-UNNAMED --add-opens=java.base/java.util.concurrent=ALL-UNNAMED --add-opens=java.rmi/sun.rmi.transport=ALL-UNNAMED
28-Aug-2022 16:29:46.987 정보 [main] org.apache.catalina.startup.VersionLoggerListener.log 서버 버전 이름:    Apache Tomcat/9.0.65
28-Aug-2022 16:29:46.989 정보 [main] org.apache.catalina.startup.VersionLoggerListener.log Server 빌드 시각:  Jul 14 2022 12:28:53 UTC
28-Aug-2022 16:29:46.989 정보 [main] org.apache.catalina.startup.VersionLoggerListener.log Server 버전 번호:  9.0.65.0
28-Aug-2022 16:29:46.990 정보 [main] org.apache.catalina.startup.VersionLoggerListener.log 운영체제 이름:     Mac OS X
28-Aug-2022 16:29:46.990 정보 [main] org.apache.catalina.startup.VersionLoggerListener.log 운영체제 버전:     12.5.1
28-Aug-2022 16:29:46.990 정보 [main] org.apache.catalina.startup.VersionLoggerListener.log 아키텍처:          aarch64
28-Aug-2022 16:29:46.990 정보 [main] org.apache.catalina.startup.VersionLoggerListener.log 자바 홈:           /Users/noose/Library/Java/JavaVirtualMachines/corretto-17.0.4/Contents/Home
28-Aug-2022 16:29:46.990 정보 [main] org.apache.catalina.startup.VersionLoggerListener.log JVM 버전:          17.0.4+8-LTS
28-Aug-2022 16:29:46.990 정보 [main] org.apache.catalina.startup.VersionLoggerListener.log JVM 벤더:          Amazon.com Inc.
28-Aug-2022 16:29:46.990 정보 [main] org.apache.catalina.startup.VersionLoggerListener.log CATALINA_BASE:     /Users/noose/project/mvc-framework/apache-tomcat-9.0.65
28-Aug-2022 16:29:46.990 정보 [main] org.apache.catalina.startup.VersionLoggerListener.log CATALINA_HOME:     /Users/noose/project/mvc-framework/apache-tomcat-9.0.65
28-Aug-2022 16:29:47.006 정보 [main] org.apache.catalina.startup.VersionLoggerListener.log 명령 행 아규먼트:  --add-opens=java.base/java.lang=ALL-UNNAMED
28-Aug-2022 16:29:47.006 정보 [main] org.apache.catalina.startup.VersionLoggerListener.log 명령 행 아규먼트:  --add-opens=java.base/java.io=ALL-UNNAMED
28-Aug-2022 16:29:47.006 정보 [main] org.apache.catalina.startup.VersionLoggerListener.log 명령 행 아규먼트:  --add-opens=java.base/java.util=ALL-UNNAMED
28-Aug-2022 16:29:47.006 정보 [main] org.apache.catalina.startup.VersionLoggerListener.log 명령 행 아규먼트:  --add-opens=java.base/java.util.concurrent=ALL-UNNAMED
28-Aug-2022 16:29:47.006 정보 [main] org.apache.catalina.startup.VersionLoggerListener.log 명령 행 아규먼트:  --add-opens=java.rmi/sun.rmi.transport=ALL-UNNAMED
28-Aug-2022 16:29:47.006 정보 [main] org.apache.catalina.startup.VersionLoggerListener.log 명령 행 아규먼트:  -Djava.util.logging.config.file=/Users/noose/project/mvc-framework/apache-tomcat-9.0.65/conf/logging.properties
28-Aug-2022 16:29:47.006 정보 [main] org.apache.catalina.startup.VersionLoggerListener.log 명령 행 아규먼트:  -Djava.util.logging.manager=org.apache.juli.ClassLoaderLogManager
28-Aug-2022 16:29:47.006 정보 [main] org.apache.catalina.startup.VersionLoggerListener.log 명령 행 아규먼트:  -Djdk.tls.ephemeralDHKeySize=2048
28-Aug-2022 16:29:47.006 정보 [main] org.apache.catalina.startup.VersionLoggerListener.log 명령 행 아규먼트:  -Djava.protocol.handler.pkgs=org.apache.catalina.webresources
28-Aug-2022 16:29:47.006 정보 [main] org.apache.catalina.startup.VersionLoggerListener.log 명령 행 아규먼트:  -Dorg.apache.catalina.security.SecurityListener.UMASK=0027
28-Aug-2022 16:29:47.006 정보 [main] org.apache.catalina.startup.VersionLoggerListener.log 명령 행 아규먼트:  -Dignore.endorsed.dirs=
28-Aug-2022 16:29:47.007 정보 [main] org.apache.catalina.startup.VersionLoggerListener.log 명령 행 아규먼트:  -Dcatalina.base=/Users/noose/project/mvc-framework/apache-tomcat-9.0.65
28-Aug-2022 16:29:47.007 정보 [main] org.apache.catalina.startup.VersionLoggerListener.log 명령 행 아규먼트:  -Dcatalina.home=/Users/noose/project/mvc-framework/apache-tomcat-9.0.65
28-Aug-2022 16:29:47.007 정보 [main] org.apache.catalina.startup.VersionLoggerListener.log 명령 행 아규먼트:  -Djava.io.tmpdir=/Users/noose/project/mvc-framework/apache-tomcat-9.0.65/temp
28-Aug-2022 16:29:47.010 정보 [main] org.apache.catalina.core.AprLifecycleListener.lifecycleEvent 프로덕션 환경들에서 최적의 성능을 제공하는, APR 기반 Apache Tomcat Native 라이브러리가, 다음 java.library.path에서 발견되지 않습니다: [/Users/noose/Library/Java/Extensions:/Library/Java/Extensions:/Network/Library/Java/Extensions:/System/Library/Java/Extensions:/usr/lib/java:.]
28-Aug-2022 16:29:47.139 정보 [main] org.apache.coyote.AbstractProtocol.init 프로토콜 핸들러 ["http-nio-8080"]을(를) 초기화합니다.
28-Aug-2022 16:29:47.156 정보 [main] org.apache.catalina.startup.Catalina.load [272] 밀리초 내에 서버가 초기화되었습니다.
28-Aug-2022 16:29:47.173 정보 [main] org.apache.catalina.core.StandardService.startInternal 서비스 [Catalina]을(를) 시작합니다.
28-Aug-2022 16:29:47.173 정보 [main] org.apache.catalina.core.StandardEngine.startInternal 서버 엔진을 시작합니다: [Apache Tomcat/9.0.65]
28-Aug-2022 16:29:47.176 정보 [main] org.apache.catalina.startup.HostConfig.deployDirectory 웹 애플리케이션 디렉토리 [/Users/noose/project/mvc-framework/apache-tomcat-9.0.65/webapps/docs]을(를) 배치합니다.
28-Aug-2022 16:29:47.294 정보 [main] org.apache.catalina.startup.HostConfig.deployDirectory 웹 애플리케이션 디렉토리 [/Users/noose/project/mvc-framework/apache-tomcat-9.0.65/webapps/docs]에 대한 배치가 [117] 밀리초에 완료되었습니다.
28-Aug-2022 16:29:47.295 정보 [main] org.apache.catalina.startup.HostConfig.deployDirectory 웹 애플리케이션 디렉토리 [/Users/noose/project/mvc-framework/apache-tomcat-9.0.65/webapps/manager]을(를) 배치합니다.
28-Aug-2022 16:29:47.310 정보 [main] org.apache.catalina.startup.HostConfig.deployDirectory 웹 애플리케이션 디렉토리 [/Users/noose/project/mvc-framework/apache-tomcat-9.0.65/webapps/manager]에 대한 배치가 [15] 밀리초에 완료되었습니다.
28-Aug-2022 16:29:47.310 정보 [main] org.apache.catalina.startup.HostConfig.deployDirectory 웹 애플리케이션 디렉토리 [/Users/noose/project/mvc-framework/apache-tomcat-9.0.65/webapps/examples]을(를) 배치합니다.
28-Aug-2022 16:29:47.401 정보 [main] org.apache.catalina.startup.HostConfig.deployDirectory 웹 애플리케이션 디렉토리 [/Users/noose/project/mvc-framework/apache-tomcat-9.0.65/webapps/examples]에 대한 배치가 [90] 밀리초에 완료되었습니다.
28-Aug-2022 16:29:47.401 정보 [main] org.apache.catalina.startup.HostConfig.deployDirectory 웹 애플리케이션 디렉토리 [/Users/noose/project/mvc-framework/apache-tomcat-9.0.65/webapps/ROOT]을(를) 배치합니다.
28-Aug-2022 16:29:47.407 정보 [main] org.apache.catalina.startup.HostConfig.deployDirectory 웹 애플리케이션 디렉토리 [/Users/noose/project/mvc-framework/apache-tomcat-9.0.65/webapps/ROOT]에 대한 배치가 [6] 밀리초에 완료되었습니다.
28-Aug-2022 16:29:47.407 정보 [main] org.apache.catalina.startup.HostConfig.deployDirectory 웹 애플리케이션 디렉토리 [/Users/noose/project/mvc-framework/apache-tomcat-9.0.65/webapps/host-manager]을(를) 배치합니다.
28-Aug-2022 16:29:47.415 정보 [main] org.apache.catalina.startup.HostConfig.deployDirectory 웹 애플리케이션 디렉토리 [/Users/noose/project/mvc-framework/apache-tomcat-9.0.65/webapps/host-manager]에 대한 배치가 [8] 밀리초에 완료되었습니다.
28-Aug-2022 16:29:47.416 정보 [main] org.apache.coyote.AbstractProtocol.start 프로토콜 핸들러 ["http-nio-8080"]을(를) 시작합니다.
28-Aug-2022 16:29:47.422 정보 [main] org.apache.catalina.startup.Catalina.start 서버가 [265] 밀리초 내에 시작되었습니다.
28-Aug-2022 16:30:22.572 정보 [main] org.apache.catalina.core.StandardServer.await 셧다운 포트를 통해 유효한 셧다운 명령을 받았습니다. 서버 인스턴스를 중지시킵니다.
28-Aug-2022 16:30:22.573 정보 [main] org.apache.coyote.AbstractProtocol.pause 프로토콜 핸들러 ["http-nio-8080"]을(를) 일시 정지 중
28-Aug-2022 16:30:22.575 정보 [main] org.apache.catalina.core.StandardService.stopInternal 서비스 [Catalina]을(를) 중지시킵니다.
28-Aug-2022 16:30:22.584 정보 [main] org.apache.coyote.AbstractProtocol.stop 프로토콜 핸들러 ["http-nio-8080"]을(를) 중지시킵니다.
28-Aug-2022 16:30:22.586 정보 [main] org.apache.coyote.AbstractProtocol.destroy 프로토콜 핸들러 ["http-nio-8080"]을(를) 소멸시킵니다.
